<?xml version="1.0" encoding="UTF-8" standalone="yes"?><!DOCTYPE report PUBLIC "-//JACOCO//DTD Report 1.1//EN" "report.dtd"><report name="QuireBind Test"><sessioninfo id="runnervm3jyl0-cc4f7e3c" start="1780326308009" dump="1780326309923"/><package name="com/maiitsoh/quirebind/test/util"><class name="com/maiitsoh/quirebind/test/util/TestPdfGenerator" sourcefilename="TestPdfGenerator.java"><method name="generate" desc="(ILjava/nio/file/Path;)Ljava/nio/file/Path;" line="53"><counter type="INSTRUCTION" missed="5" covered="56"/><counter type="BRANCH" missed="1" covered="3"/><counter type="LINE" missed="1" covered="14"/><counter type="COMPLEXITY" missed="1" covered="2"/><counter type="METHOD" missed="0" covered="1"/></method><counter type="INSTRUCTION" missed="5" covered="56"/><counter type="BRANCH" missed="1" covered="3"/><counter type="LINE" missed="1" covered="14"/><counter type="COMPLEXITY" missed="1" covered="2"/><counter type="METHOD" missed="0" covered="1"/><counter type="CLASS" missed="0" covered="1"/></class><sourcefile name="TestPdfGenerator.java"><line nr="53" mi="0" ci="2" mb="1" cb="1"/><line nr="54" mi="5" ci="0" mb="0" cb="0"/><line nr="56" mi="0" ci="4" mb="0" cb="0"/><line nr="57" mi="0" ci="5" mb="0" cb="0"/><line nr="58" mi="0" ci="7" mb="0" cb="2"/><line nr="59" mi="0" ci="5" mb="0" cb="0"/><line nr="60" mi="0" ci="3" mb="0" cb="0"/><line nr="61" mi="0" ci="6" mb="0" cb="0"/><line nr="62" mi="0" ci="2" mb="0" cb="0"/><line nr="63" mi="0" ci="4" mb="0" cb="0"/><line nr="64" mi="0" ci="4" mb="0" cb="0"/><line nr="65" mi="0" ci="6" mb="0" cb="0"/><line nr="66" mi="0" ci="2" mb="0" cb="0"/><line nr="69" mi="0" ci="4" mb="0" cb="0"/><line nr="71" mi="0" ci="2" mb="0" cb="0"/><counter type="INSTRUCTION" missed="5" covered="56"/><counter type="BRANCH" missed="1" covered="3"/><counter type="LINE" missed="1" covered="14"/><counter type="COMPLEXITY" missed="1" covered="2"/><counter type="METHOD" missed="0" covered="1"/><counter type="CLASS" missed="0" covered="1"/></sourcefile><counter type="INSTRUCTION" missed="5" covered="56"/><counter type="BRANCH" missed="1" covered="3"/><counter type="LINE" missed="1" covered="14"/><counter type="COMPLEXITY" missed="1" covered="2"/><counter type="METHOD" missed="0" covered="1"/><counter type="CLASS" missed="0" covered="1"/></package><counter type="INSTRUCTION" missed="5" covered="56"/><counter type="BRANCH" missed="1" covered="3"/><counter type="LINE" missed="1" covered="14"/><counter type="COMPLEXITY" missed="1" covered="2"/><counter type="METHOD" missed="0" covered="1"/><counter type="CLASS" missed="0" covered="1"/></report>